<?xml version="1.0" encoding="UTF-8"?>
<!-- Generated by org.testng.reporters.JUnitReportReporter -->
<testsuite skipped="0" hostname="LAPTOP-A9LGR1B9" name="test.AddCompanytest" tests="1" failures="0" timestamp="2021-01-26T17:20:12 CST" time="19.094" errors="0">
  <testcase name="validUserShouldLogin" time="19.094" classname="test.AddCompanytest"/>
  <system-out/>
</testsuite> <!-- test.AddCompanytest -->
