<?xml version="1.0" encoding="UTF-8"?>
<!-- Generated by org.testng.reporters.JUnitReportReporter -->
<testsuite skipped="0" hostname="LAPTOP-A9LGR1B9" name="test.AddNewAccouttest" tests="1" failures="0" timestamp="2021-02-03T19:53:06 CST" time="27.759" errors="0">
  <testcase name="validUserShouldLogin" time="27.759" classname="test.AddNewAccouttest"/>
  <system-out/>
</testsuite> <!-- test.AddNewAccouttest -->
