<?xml version="1.0" encoding="UTF-8"?>
<!-- Generated by org.testng.reporters.JUnitReportReporter -->
<testsuite skipped="0" hostname="LAPTOP-A9LGR1B9" name="test.LoginTest" tests="1" failures="0" timestamp="2021-02-03T19:53:34 CST" time="11.645" errors="0">
  <testcase name="validUserShouldLogin" time="11.645" classname="test.LoginTest"/>
  <system-out/>
</testsuite> <!-- test.LoginTest -->
